InnoDB: using atomic writes.
2022-03-17 10:55:07 0 [Note] InnoDB: The first innodb_system data file 'ibdata1' did not exist. A new tablespace will be created!
2022-03-17 10:55:07 0 [Note] InnoDB: Mutexes and rw_locks use Windows interlocked functions
2022-03-17 10:55:07 0 [Note] InnoDB: Uses event mutexes
2022-03-17 10:55:07 0 [Note] InnoDB: Compressed tables use zlib 1.2.11
2022-03-17 10:55:07 0 [Note] InnoDB: Number of pools: 1
2022-03-17 10:55:07 0 [Note] InnoDB: Using SSE2 crc32 instructions
2022-03-17 10:55:07 0 [Note] InnoDB: Initializing buffer pool, total size = 16M, instances = 1, chunk size = 16M
2022-03-17 10:55:07 0 [Note] InnoDB: Completed initialization of buffer pool
2022-03-17 10:55:07 0 [Note] InnoDB: Setting file 'C:\xampp\htdocs\Demo\database\data\ibdata1' size to 10 MB. Physically writing the file full; Please wait ...
2022-03-17 10:55:07 0 [Note] InnoDB: File 'C:\xampp\htdocs\Demo\database\data\ibdata1' size is now 10 MB.
2022-03-17 10:55:07 0 [Note] InnoDB: Setting log file C:\xampp\htdocs\Demo\database\data\ib_logfile101 size to 5242880 bytes
2022-03-17 10:55:07 0 [Note] InnoDB: Setting log file C:\xampp\htdocs\Demo\database\data\ib_logfile1 size to 5242880 bytes
2022-03-17 10:55:07 0 [Note] InnoDB: Renaming log file C:\xampp\htdocs\Demo\database\data\ib_logfile101 to C:\xampp\htdocs\Demo\database\data\ib_logfile0
2022-03-17 10:55:07 0 [Note] InnoDB: New log files created, LSN=11451
2022-03-17 10:55:07 0 [Note] InnoDB: Doublewrite buffer not found: creating new
2022-03-17 10:55:07 0 [Note] InnoDB: Doublewrite buffer created
2022-03-17 10:55:07 0 [Note] InnoDB: 128 out of 128 rollback segments are active.
2022-03-17 10:55:07 0 [Note] InnoDB: Creating foreign key constraint system tables.
2022-03-17 10:55:07 0 [Note] InnoDB: Creating tablespace and datafile system tables.
2022-03-17 10:55:07 0 [Note] InnoDB: Creating sys_virtual system tables.
2022-03-17 10:55:07 0 [Note] InnoDB: Creating shared tablespace for temporary tables
2022-03-17 10:55:07 0 [Note] InnoDB: Setting file 'C:\xampp\htdocs\Demo\database\data\ibtmp1' size to 12 MB. Physically writing the file full; Please wait ...
2022-03-17 10:55:07 0 [Note] InnoDB: File 'C:\xampp\htdocs\Demo\database\data\ibtmp1' size is now 12 MB.
2022-03-17 10:55:07 0 [Note] InnoDB: Waiting for purge to start
2022-03-17 10:55:08 0 [Note] InnoDB: 10.4.14 started; log sequence number 0; transaction id 7
2022-03-17 10:55:08 0 [Note] Plugin 'FEEDBACK' is disabled.
2022-03-17 10:55:08 0 [ERROR] Could not open mysql.plugin table. Some plugins may be not loaded
2022-03-17 10:55:08 0 [ERROR] Can't open and lock privilege tables: Table 'mysql.servers' doesn't exist
2022-03-17 10:55:08 0 [Note] Server socket created on IP: '::'.
InnoDB: using atomic writes.
2022-03-17 10:56:02 0 [Note] InnoDB: Mutexes and rw_locks use Windows interlocked functions
2022-03-17 10:56:02 0 [Note] InnoDB: Uses event mutexes
2022-03-17 10:56:02 0 [Note] InnoDB: Compressed tables use zlib 1.2.11
2022-03-17 10:56:02 0 [Note] InnoDB: Number of pools: 1
2022-03-17 10:56:02 0 [Note] InnoDB: Using SSE2 crc32 instructions
2022-03-17 10:56:02 0 [Note] InnoDB: Initializing buffer pool, total size = 16M, instances = 1, chunk size = 16M
2022-03-17 10:56:02 0 [Note] InnoDB: Completed initialization of buffer pool
2022-03-17 10:56:02 0 [Note] InnoDB: 128 out of 128 rollback segments are active.
2022-03-17 10:56:02 0 [Note] InnoDB: Creating shared tablespace for temporary tables
2022-03-17 10:56:02 0 [Note] InnoDB: Setting file 'C:\xampp\htdocs\Demo\database\data\ibtmp1' size to 12 MB. Physically writing the file full; Please wait ...
2022-03-17 10:56:02 0 [Note] InnoDB: File 'C:\xampp\htdocs\Demo\database\data\ibtmp1' size is now 12 MB.
2022-03-17 10:56:02 0 [Note] InnoDB: Waiting for purge to start
2022-03-17 10:56:02 0 [Note] InnoDB: 10.4.14 started; log sequence number 47054; transaction id 9
2022-03-17 10:56:02 0 [Note] InnoDB: Loading buffer pool(s) from C:\xampp\htdocs\Demo\database\data\ib_buffer_pool
2022-03-17 10:56:02 0 [Note] Plugin 'FEEDBACK' is disabled.
2022-03-17 10:56:02 0 [ERROR] Could not open mysql.plugin table. Some plugins may be not loaded
2022-03-17 10:56:02 0 [Note] InnoDB: Buffer pool(s) load completed at 220317 10:56:02
2022-03-17 10:56:02 0 [ERROR] Can't open and lock privilege tables: Table 'mysql.servers' doesn't exist
2022-03-17 10:56:02 0 [Note] Server socket created on IP: '::'.
